<?xml version="1.0" encoding="UTF-8"?>
<!-- Generated by org.testng.reporters.JUnitReportReporter -->
<testsuite hostname="user" failures="0" tests="2" name="sat2farmAPI.Test_API" time="26.006" errors="0" timestamp="2025-06-16T18:35:04 IST" skipped="0">
  <testcase classname="sat2farmAPI.Test_API" name="testHomePageAPI" time="12.723"/>
  <testcase classname="sat2farmAPI.Test_API" name="testCropCalendarAPI" time="13.283"/>
</testsuite> <!-- sat2farmAPI.Test_API -->
