<?xml version="1.0" encoding="UTF-8"?>
<!-- Generated by org.testng.reporters.JUnitReportReporter -->
<testsuite hostname="user" failures="0" tests="2" name="sat2farmAPI.Test_API" time="17.350" errors="0" timestamp="2025-08-20T18:39:40 IST" skipped="0">
  <testcase classname="sat2farmAPI.Test_API" name="testHomePageAPI" time="13.003"/>
  <testcase classname="sat2farmAPI.Test_API" name="testCropCalendarAPI" time="4.347"/>
</testsuite> <!-- sat2farmAPI.Test_API -->
