<?xml version="1.0" encoding="UTF-8"?>
<!-- Generated by org.testng.reporters.JUnitReportReporter -->
<testsuite hostname="user" failures="0" tests="2" name="sat2farmAPI.All_API_Data" time="32.988" errors="0" timestamp="2025-09-09T14:36:20 IST" skipped="0">
  <testcase classname="sat2farmAPI.All_API_Data" name="testHomePageAPI" time="22.218"/>
  <testcase classname="sat2farmAPI.All_API_Data" name="testCropCalendarAPI" time="10.770"/>
</testsuite> <!-- sat2farmAPI.All_API_Data -->
