<?xml version="1.0" encoding="UTF-8"?>
<!-- Generated by org.testng.reporters.JUnitReportReporter -->
<testsuite hostname="user" failures="0" tests="2" name="sat2farmAPI.CompareTwoAPI" time="20.877" errors="0" timestamp="2025-09-03T18:14:02 IST" skipped="0">
  <testcase classname="sat2farmAPI.CompareTwoAPI" name="testHomePageAPI" time="10.154"/>
  <testcase classname="sat2farmAPI.CompareTwoAPI" name="testCropCalendarAPI" time="10.723"/>
</testsuite> <!-- sat2farmAPI.CompareTwoAPI -->
