<?xml version="1.0" encoding="UTF-8"?>
<!-- Generated by org.testng.reporters.JUnitReportReporter -->
<testsuite hostname="user" failures="0" tests="2" name="sat2farmAPI.ExcelSheet" time="24.366" errors="0" timestamp="2025-08-21T12:07:54 IST" skipped="0">
  <testcase classname="sat2farmAPI.ExcelSheet" name="testHomePageAPI" time="18.834"/>
  <testcase classname="sat2farmAPI.ExcelSheet" name="testCropCalendarAPI" time="5.532"/>
</testsuite> <!-- sat2farmAPI.ExcelSheet -->
